<?xml version="1.0" encoding="utf-8"?><testsuites name="pytest tests"><testsuite name="pytest" errors="0" failures="0" skipped="0" tests="15" time="2.284" timestamp="2026-04-27T06:31:24.242307+00:00" hostname="agent-env-ad730f36-c60b-422e-a185-7d942ddb7038"><testcase classname="backend.tests.test_dresscircle_iter2" name="test_geo_reverse_bangalore" time="0.158" /><testcase classname="backend.tests.test_dresscircle_iter2" name="test_geo_reverse_mumbai" time="0.043" /><testcase classname="backend.tests.test_dresscircle_iter2" name="test_geo_reverse_delhi" time="0.043" /><testcase classname="backend.tests.test_dresscircle_iter2" name="test_geo_reverse_far_away_returns_nearest" time="0.082" /><testcase classname="backend.tests.test_dresscircle_iter2" name="test_geo_reverse_missing_params" time="0.044" /><testcase classname="backend.tests.test_dresscircle_iter2" name="test_create_report_listing_requires_auth" time="0.042" /><testcase classname="backend.tests.test_dresscircle_iter2" name="test_create_report_listing_success" time="0.401" /><testcase classname="backend.tests.test_dresscircle_iter2" name="test_create_report_user_success" time="0.046" /><testcase classname="backend.tests.test_dresscircle_iter2" name="test_create_report_invalid_target_type" time="0.043" /><testcase classname="backend.tests.test_dresscircle_iter2" name="test_wishlist_notify_requires_item_in_wishlist" time="0.045" /><testcase classname="backend.tests.test_dresscircle_iter2" name="test_wishlist_notify_toggle_persists" time="0.426" /><testcase classname="backend.tests.test_dresscircle_iter2" name="test_wishlist_returns_notify_flag_field" time="0.042" /><testcase classname="backend.tests.test_dresscircle_iter2" name="test_create_review_requires_auth" time="0.081" /><testcase classname="backend.tests.test_dresscircle_iter2" name="test_create_review_success" time="0.593" /><testcase classname="backend.tests.test_dresscircle_iter2" name="test_review_rating_clamped" time="0.128" /></testsuite></testsuites>