<?xml version="1.0" encoding="utf-8"?><testsuites name="pytest tests"><testsuite name="pytest" errors="0" failures="0" skipped="0" tests="23" time="38.475" timestamp="2026-05-13T07:31:12.677084+00:00" hostname="agent-env-ad730f36-c60b-422e-a185-7d942ddb7038"><testcase classname="backend.tests.test_restyle_iter4.TestListingApprovalFlow" name="test_create_listing_is_under_review" time="0.485" /><testcase classname="backend.tests.test_restyle_iter4.TestListingApprovalFlow" name="test_under_review_not_in_public_listings" time="0.108" /><testcase classname="backend.tests.test_restyle_iter4.TestListingApprovalFlow" name="test_owner_sees_own_under_review_in_profile" time="0.220" /><testcase classname="backend.tests.test_restyle_iter4.TestListingApprovalFlow" name="test_other_viewer_does_not_see_under_review" time="0.559" /><testcase classname="backend.tests.test_restyle_iter4.TestListingApprovalFlow" name="test_admin_notified_on_listing_create" time="0.425" /><testcase classname="backend.tests.test_restyle_iter4.TestListingApprovalFlow" name="test_admin_approve_listing" time="0.210" /><testcase classname="backend.tests.test_restyle_iter4.TestListingApprovalFlow" name="test_approved_listing_now_visible_publicly" time="0.107" /><testcase classname="backend.tests.test_restyle_iter4.TestListingApprovalFlow" name="test_owner_receives_approval_notification" time="0.116" /><testcase classname="backend.tests.test_restyle_iter4.TestListingApprovalFlow" name="test_approve_already_active_returns_400" time="0.108" /><testcase classname="backend.tests.test_restyle_iter4.TestListingApprovalFlow" name="test_admin_reject_listing" time="0.330" /><testcase classname="backend.tests.test_restyle_iter4.TestListingApprovalFlow" name="test_owner_receives_reject_notification" time="0.102" /><testcase classname="backend.tests.test_restyle_iter4.TestAdminUserCRUD" name="test_admin_create_user" time="0.678" /><testcase classname="backend.tests.test_restyle_iter4.TestAdminUserCRUD" name="test_admin_create_user_duplicate_email_400" time="0.107" /><testcase classname="backend.tests.test_restyle_iter4.TestAdminUserCRUD" name="test_admin_update_user" time="0.112" /><testcase classname="backend.tests.test_restyle_iter4.TestAdminUserCRUD" name="test_admin_delete_user_cascades" time="1.141" /><testcase classname="backend.tests.test_restyle_iter4.TestAdminUserCRUD" name="test_admin_cannot_delete_self" time="0.207" /><testcase classname="backend.tests.test_restyle_iter4.TestAdminUserCRUD" name="test_admin_delete_user_cleanup" time="0.164" /><testcase classname="backend.tests.test_restyle_iter4.TestAdminListingCRUD" name="test_admin_listings_enriched_with_owner" time="0.136" /><testcase classname="backend.tests.test_restyle_iter4.TestAdminListingCRUD" name="test_admin_update_listing" time="0.233" /><testcase classname="backend.tests.test_restyle_iter4.TestAdminListingCRUD" name="test_admin_delete_listing_cascades" time="1.202" /><testcase classname="backend.tests.test_restyle_iter4.TestAdminListingCRUD" name="test_admin_listings_status_filter_under_review" time="0.231" /><testcase classname="backend.tests.test_restyle_iter4.TestAdminListingCRUD" name="test_admin_endpoints_require_admin" time="0.764" /><testcase classname="backend.tests.test_restyle_iter4.TestCleanup" name="test_cleanup_test_listings" time="30.655" /></testsuite></testsuites>