<?xml version="1.0" encoding="utf-8"?><testsuites name="pytest tests"><testsuite name="pytest" errors="0" failures="0" skipped="0" tests="20" time="7.864" timestamp="2026-05-13T07:16:08.572142+00:00" hostname="agent-env-ad730f36-c60b-422e-a185-7d942ddb7038"><testcase classname="backend.tests.test_restyle_iter3.TestAuth" name="test_admin_login_is_admin" time="0.368" /><testcase classname="backend.tests.test_restyle_iter3.TestAuth" name="test_demo_login" time="0.331" /><testcase classname="backend.tests.test_restyle_iter3.TestAuth" name="test_owner_login" time="0.328" /><testcase classname="backend.tests.test_restyle_iter3.TestListings" name="test_all_listings_have_new_fields" time="0.105" /><testcase classname="backend.tests.test_restyle_iter3.TestListings" name="test_distance_sort_ascending_no_radius" time="0.108" /><testcase classname="backend.tests.test_restyle_iter3.TestListings" name="test_filter_item_type_accessory" time="0.101" /><testcase classname="backend.tests.test_restyle_iter3.TestListings" name="test_filter_item_type_dress" time="0.108" /><testcase classname="backend.tests.test_restyle_iter3.TestListings" name="test_filter_condition_like_new" time="0.122" /><testcase classname="backend.tests.test_restyle_iter3.TestBookingCounters" name="test_approval_increments_times_rented_and_rentals_count" time="1.540" /><testcase classname="backend.tests.test_restyle_iter3.TestBookingCounters" name="test_complete_booking" time="0.220" /><testcase classname="backend.tests.test_restyle_iter3.TestBookingCounters" name="test_complete_non_approved_fails" time="0.429" /><testcase classname="backend.tests.test_restyle_iter3.TestActiveRentals" name="test_bookings_active_shape" time="0.108" /><testcase classname="backend.tests.test_restyle_iter3.TestAdmin" name="test_admin_stats" time="0.461" /><testcase classname="backend.tests.test_restyle_iter3.TestAdmin" name="test_admin_users_list_and_search" time="0.225" /><testcase classname="backend.tests.test_restyle_iter3.TestAdmin" name="test_admin_listings_filter" time="0.113" /><testcase classname="backend.tests.test_restyle_iter3.TestAdmin" name="test_admin_remove_and_restore_listing" time="0.580" /><testcase classname="backend.tests.test_restyle_iter3.TestAdmin" name="test_admin_reports_list_and_resolve" time="0.440" /><testcase classname="backend.tests.test_restyle_iter3.TestAdmin" name="test_non_admin_forbidden" time="0.554" /><testcase classname="backend.tests.test_restyle_iter3.TestAdmin" name="test_admin_endpoints_require_auth" time="0.109" /><testcase classname="backend.tests.test_restyle_iter3.TestSuspendFlow" name="test_suspend_and_login_blocked_then_unsuspend" time="1.431" /></testsuite></testsuites>