<?xml version="1.0" encoding="utf-8"?><testsuites name="pytest tests"><testsuite name="pytest" errors="0" failures="0" skipped="0" tests="27" time="4.618" timestamp="2026-04-27T06:00:53.439403+00:00" hostname="agent-env-ad730f36-c60b-422e-a185-7d942ddb7038"><testcase classname="backend.tests.test_dresscircle_api" name="test_root" time="0.198" /><testcase classname="backend.tests.test_dresscircle_api" name="test_cities" time="0.049" /><testcase classname="backend.tests.test_dresscircle_api" name="test_login_demo" time="0.310" /><testcase classname="backend.tests.test_dresscircle_api" name="test_login_invalid" time="0.272" /><testcase classname="backend.tests.test_dresscircle_api" name="test_signup_and_duplicate" time="0.328" /><testcase classname="backend.tests.test_dresscircle_api" name="test_otp_send_verify" time="0.149" /><testcase classname="backend.tests.test_dresscircle_api" name="test_auth_me" time="0.341" /><testcase classname="backend.tests.test_dresscircle_api" name="test_auth_me_no_token" time="0.050" /><testcase classname="backend.tests.test_dresscircle_api" name="test_list_listings_basic" time="0.053" /><testcase classname="backend.tests.test_dresscircle_api" name="test_list_listings_with_geo_distance" time="0.055" /><testcase classname="backend.tests.test_dresscircle_api" name="test_list_listings_filter_category" time="0.053" /><testcase classname="backend.tests.test_dresscircle_api" name="test_list_listings_filter_price" time="0.048" /><testcase classname="backend.tests.test_dresscircle_api" name="test_listings_search_q" time="0.052" /><testcase classname="backend.tests.test_dresscircle_api" name="test_trending" time="0.061" /><testcase classname="backend.tests.test_dresscircle_api" name="test_listing_detail_increments_views" time="0.168" /><testcase classname="backend.tests.test_dresscircle_api" name="test_listing_detail_404" time="0.049" /><testcase classname="backend.tests.test_dresscircle_api" name="test_wishlist_toggle_and_get" time="0.268" /><testcase classname="backend.tests.test_dresscircle_api" name="test_create_booking_own_listing_rejected" time="0.416" /><testcase classname="backend.tests.test_dresscircle_api" name="test_create_booking_invalid_duration" time="0.148" /><testcase classname="backend.tests.test_dresscircle_api" name="test_bookings_mine_hides_phone_before_approval" time="0.217" /><testcase classname="backend.tests.test_dresscircle_api" name="test_owner_approve_booking" time="0.175" /><testcase classname="backend.tests.test_dresscircle_api" name="test_double_booking_locked_dates_returns_409" time="0.048" /><testcase classname="backend.tests.test_dresscircle_api" name="test_non_owner_cannot_act" time="0.223" /><testcase classname="backend.tests.test_dresscircle_api" name="test_messages_send_and_list" time="0.114" /><testcase classname="backend.tests.test_dresscircle_api" name="test_messages_forbidden_for_outsider" time="0.049" /><testcase classname="backend.tests.test_dresscircle_api" name="test_notifications_list_and_read" time="0.103" /><testcase classname="backend.tests.test_dresscircle_api" name="test_file_upload_and_serve" time="0.501" /></testsuite></testsuites>